0 silly input [ 'start:heroku' ]
1 silly flags { _: [ 'run' ],
1 silly flags   'reject-cycles': false,
1 silly flags   rejectCycles: false,
1 silly flags   script: 'start:heroku',
1 silly flags   args: [] }
2 verbose rootPath E:\Workspaces\Repository\nfeel
3 info version 2.11.0
4 silly existsSync E:\Workspaces\Repository\nfeel\VERSION
5 silly initialize attempt
6 silly initialize success
7 silly execute attempt
8 silly runScriptInDir start:heroku [] server
9 silly getExecOpts { cwd: 'E:\\Workspaces\\Repository\\nfeel\\packages\\server' }
10 error start:heroku Errored while running script in 'server'
11 error execute callback with error
12 error Error: Command failed: npm run start:heroku
12 error internal/modules/cjs/loader.js:583
12 error     throw err;
12 error     ^
12 error
12 error Error: Cannot find module 'socket.io'
12 error     at Function.Module._resolveFilename (internal/modules/cjs/loader.js:581:15)
12 error     at Function.Module._load (internal/modules/cjs/loader.js:507:25)
12 error     at Module.require (internal/modules/cjs/loader.js:637:17)
12 error     at require (internal/modules/cjs/helpers.js:22:18)
12 error     at Object.<anonymous> (E:\Workspaces\Repository\nfeel\packages\server\src\index.heroku.js:12:12)
12 error     at Module._compile (internal/modules/cjs/loader.js:689:30)
12 error     at Object.Module._extensions..js (internal/modules/cjs/loader.js:700:10)
12 error     at Module.load (internal/modules/cjs/loader.js:599:32)
12 error     at tryModuleLoad (internal/modules/cjs/loader.js:538:12)
12 error     at Function.Module._load (internal/modules/cjs/loader.js:530:3)
12 error npm ERR! code ELIFECYCLE
12 error npm ERR! errno 1
12 error npm ERR! server@1.0.0 start:heroku: `tsc && node src/index.heroku.js`
12 error npm ERR! Exit status 1
12 error npm ERR!
12 error npm ERR! Failed at the server@1.0.0 start:heroku script.
12 error npm ERR! This is probably not a problem with npm. There is likely additional logging output above.
12 error
12 error npm ERR! A complete log of this run can be found in:
12 error npm ERR!     C:\Users\Ferrymen\AppData\Roaming\npm-cache\_logs\2020-03-23T18_27_42_958Z-debug.log
12 error
12 error > server@1.0.0 start:heroku E:\Workspaces\Repository\nfeel\packages\server
12 error > tsc && node src/index.heroku.js
12 error
12 error
12 error     at Promise.all.then.arr (C:\Users\Ferrymen\AppData\Local\Yarn\Data\global\node_modules\lerna\node_modules\execa\index.js:236:11)
